c:\users\haira\desktop\acg_project\gameengine\gameengine\debug\vc143.pdb
c:\users\haira\desktop\acg_project\gameengine\gameengine\debug\vc143.idb
c:\users\haira\desktop\acg_project\gameengine\gameengine\debug\main.obj
c:\users\haira\desktop\acg_project\gameengine\gameengine\debug\camera.obj
c:\users\haira\desktop\acg_project\gameengine\gameengine\debug\texture.obj
c:\users\haira\desktop\acg_project\gameengine\gameengine\debug\shader.obj
c:\users\haira\desktop\acg_project\gameengine\gameengine\debug\mesh.obj
c:\users\haira\desktop\acg_project\gameengine\gameengine\debug\meshloaderobj.obj
c:\users\haira\desktop\acg_project\gameengine\gameengine\debug\window.obj
c:\users\haira\desktop\acg_project\gameengine\debug\gameengine.pdb
c:\users\haira\desktop\acg_project\gameengine\gameengine\debug\gameengine.tlog\cl.command.1.tlog
c:\users\haira\desktop\acg_project\gameengine\gameengine\debug\gameengine.tlog\cl.items.tlog
c:\users\haira\desktop\acg_project\gameengine\gameengine\debug\gameengine.tlog\cl.read.1.tlog
c:\users\haira\desktop\acg_project\gameengine\gameengine\debug\gameengine.tlog\cl.write.1.tlog
c:\users\haira\desktop\acg_project\gameengine\gameengine\debug\gameengine.tlog\link-cvtres.read.1.tlog
c:\users\haira\desktop\acg_project\gameengine\gameengine\debug\gameengine.tlog\link-cvtres.write.1.tlog
c:\users\haira\desktop\acg_project\gameengine\gameengine\debug\gameengine.tlog\link-rc.read.1.tlog
c:\users\haira\desktop\acg_project\gameengine\gameengine\debug\gameengine.tlog\link-rc.write.1.tlog
c:\users\haira\desktop\acg_project\gameengine\gameengine\debug\gameengine.tlog\link.2288-cvtres.read.1.tlog
c:\users\haira\desktop\acg_project\gameengine\gameengine\debug\gameengine.tlog\link.2288-cvtres.write.1.tlog
c:\users\haira\desktop\acg_project\gameengine\gameengine\debug\gameengine.tlog\link.2288-rc.read.1.tlog
c:\users\haira\desktop\acg_project\gameengine\gameengine\debug\gameengine.tlog\link.2288-rc.write.1.tlog
c:\users\haira\desktop\acg_project\gameengine\gameengine\debug\gameengine.tlog\link.2288.read.1.tlog
c:\users\haira\desktop\acg_project\gameengine\gameengine\debug\gameengine.tlog\link.2288.write.1.tlog
c:\users\haira\desktop\acg_project\gameengine\gameengine\debug\gameengine.tlog\link.command.1.tlog
c:\users\haira\desktop\acg_project\gameengine\gameengine\debug\gameengine.tlog\link.read.1.tlog
c:\users\haira\desktop\acg_project\gameengine\gameengine\debug\gameengine.tlog\link.write.1.tlog
